<?xml version="1.0" encoding="UTF-8"?>
<persistence version="2.0" xmlns="http://java.sun.com/xml/ns/persistence" xmlns:xsi="http://www.w3.org/2001/XMLSchema-instance"
  xsi:schemaLocation="
        http://java.sun.com/xml/ns/persistence
        http://java.sun.com/xml/ns/persistence/persistence_2_0.xsd">
  <!-- The 'j4aPU' is the name that you have to reference the entitymanager with in 'PhoneBookServiceImpl' -->
  <persistence-unit name="j4aPU" transaction-type="JTA">
    <!-- The 'glassfish-resources.xml' has 'jndi-name' which is referenced here -->
    <jta-data-source>jdbc/phonebooktest</jta-data-source>
    <class>com.example.entity.Person</class>
    <class>com.example.entity.PhoneNumber</class>
    <exclude-unlisted-classes>false</exclude-unlisted-classes>
    <properties>
      <!-- SunAS9 = A reference to glassfish -->
      <property name="eclipselink.target-server" value="SunAS9" />
      <property name="eclipselink.ddl-generation" value="drop-and-create-tables" />
      <property name="eclipselink.logging.level.sql" value="FINE" />
      <property name="eclipselink.logging.parameters" value="true" />
    </properties>
  </persistence-unit>
</persistence>

